<?xml version="1.0" encoding="UTF-8"?>
<testsuite xmlns:xsi="http://www.w3.org/2001/XMLSchema-instance" xsi:noNamespaceSchemaLocation="https://maven.apache.org/surefire/maven-surefire-plugin/xsd/surefire-test-report.xsd" name="ru.netology.RadioTest" time="0.031" tests="15" errors="0" skipped="0" failures="0">
  <properties>
[...]
</properties>
  <testcase name="setCurrentChannelOverMax" classname="ru.netology.RadioTest" time="0.015"/>
  <testcase name="setCurrentChannel" classname="ru.netology.RadioTest" time="0"/>
  <testcase name="setCurrentVolumeBelowMin" classname="ru.netology.RadioTest" time="0"/>
  <testcase name="setNextChannel0" classname="ru.netology.RadioTest" time="0"/>
  <testcase name="setCurrentChannelBelowMin" classname="ru.netology.RadioTest" time="0"/>
  <testcase name="setCurrentVolume" classname="ru.netology.RadioTest" time="0"/>
  <testcase name="decreaseCurrentVolume" classname="ru.netology.RadioTest" time="0"/>
  <testcase name="setNextChannel" classname="ru.netology.RadioTest" time="0"/>
  <testcase name="setCurrentChannel0" classname="ru.netology.RadioTest" time="0"/>
  <testcase name="increaseCurrentVolumeOverMax" classname="ru.netology.RadioTest" time="0"/>
  <testcase name="increaseCurrentVolume" classname="ru.netology.RadioTest" time="0"/>
  <testcase name="setPrevChannel" classname="ru.netology.RadioTest" time="0"/>
  <testcase name="setCurrentVolumeOverMax" classname="ru.netology.RadioTest" time="0"/>
  <testcase name="setPrevChannel9" classname="ru.netology.RadioTest" time="0"/>
  <testcase name="decreaseCurrentVolumeBelowMin" classname="ru.netology.RadioTest" time="0"/>
</testsuite>